<?xml version="1.0" encoding="UTF-8"?>
<!-- Generated by org.testng.reporters.JUnitReportReporter -->
<testsuite hostname="LAPTOP-GRP3OJUJ" name="com.Datalicious.test.Demo" tests="1" failures="0" timestamp="27 Jul 2017 10:13:13 GMT" time="23.602" errors="0">
  <testcase name="Tooltipcheck" time="23.602" classname="com.Datalicious.test.Demo"/>
</testsuite> <!-- com.Datalicious.test.Demo -->
